# JRE version: Java(TM) SE Runtime Environment (8.0_144-b01) (build 1.8.0_144-b01)
# Java VM: Java HotSpot(TM) 64-Bit Server VM (25.144-b01 mixed mode bsd-amd64 compressed oops)
Heap:
 PSYoungGen      total 259072K, used 81572K [0x0000000795580000, 0x00000007ac100000, 0x00000007c0000000)
  eden space 225792K, 25% used [0x0000000795580000,0x0000000798d3c4c8,0x00000007a3200000)
  from space 33280K, 73% used [0x00000007a3200000,0x00000007a49ecbc0,0x00000007a5280000)
  to   space 34816K, 0% used [0x00000007a9f00000,0x00000007a9f00000,0x00000007ac100000)
 ParOldGen       total 119808K, used 54309K [0x0000000740000000, 0x0000000747500000, 0x0000000795580000)
  object space 119808K, 45% used [0x0000000740000000,0x0000000743509718,0x0000000747500000)
 Metaspace       used 43781K, capacity 44444K, committed 44928K, reserved 1089536K
  class space    used 5255K, capacity 5470K, committed 5504K, reserved 1048576K
GC Heap History (10 events):
Event: 7.337 GC heap before
{Heap before GC invocations=11 (full 1):
 PSYoungGen      total 140288K, used 140261K [0x0000000795580000, 0x00000007a1e80000, 0x00000007c0000000)
  eden space 129024K, 100% used [0x0000000795580000,0x000000079d380000,0x000000079d380000)
  from space 11264K, 99% used [0x000000079d380000,0x000000079de79728,0x000000079de80000)
  to   space 18944K, 0% used [0x00000007a0c00000,0x00000007a0c00000,0x00000007a1e80000)
 ParOldGen       total 56320K, used 31565K [0x0000000740000000, 0x0000000743700000, 0x0000000795580000)
  object space 56320K, 56% used [0x0000000740000000,0x0000000741ed3640,0x0000000743700000)
 Metaspace       used 28527K, capacity 29050K, committed 29312K, reserved 1075200K
  class space    used 3408K, capacity 3589K, committed 3712K, reserved 1048576K
Event: 7.367 GC heap after
Heap after GC invocations=11 (full 1):
 PSYoungGen      total 179712K, used 18937K [0x0000000795580000, 0x00000007a3e80000, 0x00000007c0000000)
  eden space 160768K, 0% used [0x0000000795580000,0x0000000795580000,0x000000079f280000)
  from space 18944K, 99% used [0x00000007a0c00000,0x00000007a1e7e7e8,0x00000007a1e80000)
  to   space 26112K, 0% used [0x000000079f280000,0x000000079f280000,0x00000007a0c00000)
 ParOldGen       total 56320K, used 43619K [0x0000000740000000, 0x0000000743700000, 0x0000000795580000)
  object space 56320K, 77% used [0x0000000740000000,0x0000000742a98e20,0x0000000743700000)
 Metaspace       used 28527K, capacity 29050K, committed 29312K, reserved 1075200K
  class space    used 3408K, capacity 3589K, committed 3712K, reserved 1048576K
}
Event: 8.006 GC heap before
{Heap before GC invocations=12 (full 1):
 PSYoungGen      total 179712K, used 179705K [0x0000000795580000, 0x00000007a3e80000, 0x00000007c0000000)
  eden space 160768K, 100% used [0x0000000795580000,0x000000079f280000,0x000000079f280000)
  from space 18944K, 99% used [0x00000007a0c00000,0x00000007a1e7e7e8,0x00000007a1e80000)
  to   space 26112K, 0% used [0x000000079f280000,0x000000079f280000,0x00000007a0c00000)
 ParOldGen       total 56320K, used 43619K [0x0000000740000000, 0x0000000743700000, 0x0000000795580000)
  object space 56320K, 77% used [0x0000000740000000,0x0000000742a98e20,0x0000000743700000)
 Metaspace       used 28529K, capacity 29050K, committed 29312K, reserved 1075200K
  class space    used 3408K, capacity 3589K, committed 3712K, reserved 1048576K
Event: 8.056 GC heap after
Heap after GC invocations=12 (full 1):
 PSYoungGen      total 186880K, used 25289K [0x0000000795580000, 0x00000007a7580000, 0x00000007c0000000)
  eden space 160768K, 0% used [0x0000000795580000,0x0000000795580000,0x000000079f280000)
  from space 26112K, 96% used [0x000000079f280000,0x00000007a0b32718,0x00000007a0c00000)
  to   space 29696K, 0% used [0x00000007a5880000,0x00000007a5880000,0x00000007a7580000)
 ParOldGen       total 56320K, used 50003K [0x0000000740000000, 0x0000000743700000, 0x0000000795580000)
  object space 56320K, 88% used [0x0000000740000000,0x00000007430d4e88,0x0000000743700000)
 Metaspace       used 28529K, capacity 29050K, committed 29312K, reserved 1075200K
  class space    used 3408K, capacity 3589K, committed 3712K, reserved 1048576K
}
Event: 8.056 GC heap before
{Heap before GC invocations=13 (full 2):
 PSYoungGen      total 186880K, used 25289K [0x0000000795580000, 0x00000007a7580000, 0x00000007c0000000)
  eden space 160768K, 0% used [0x0000000795580000,0x0000000795580000,0x000000079f280000)
  from space 26112K, 96% used [0x000000079f280000,0x00000007a0b32718,0x00000007a0c00000)
  to   space 29696K, 0% used [0x00000007a5880000,0x00000007a5880000,0x00000007a7580000)
 ParOldGen       total 56320K, used 50003K [0x0000000740000000, 0x0000000743700000, 0x0000000795580000)
  object space 56320K, 88% used [0x0000000740000000,0x00000007430d4e88,0x0000000743700000)
 Metaspace       used 28529K, capacity 29050K, committed 29312K, reserved 1075200K
  class space    used 3408K, capacity 3589K, committed 3712K, reserved 1048576K
Event: 8.198 GC heap after
Heap after GC invocations=13 (full 2):
 PSYoungGen      total 186880K, used 0K [0x0000000795580000, 0x00000007a7580000, 0x00000007c0000000)
  eden space 160768K, 0% used [0x0000000795580000,0x0000000795580000,0x000000079f280000)
  from space 26112K, 0% used [0x000000079f280000,0x000000079f280000,0x00000007a0c00000)
  to   space 29696K, 0% used [0x00000007a5880000,0x00000007a5880000,0x00000007a7580000)
 ParOldGen       total 119808K, used 51222K [0x0000000740000000, 0x0000000747500000, 0x0000000795580000)
  object space 119808K, 42% used [0x0000000740000000,0x0000000743205920,0x0000000747500000)
 Metaspace       used 28529K, capacity 29050K, committed 29312K, reserved 1075200K
  class space    used 3408K, capacity 3589K, committed 3712K, reserved 1048576K
}
Event: 8.666 GC heap before
{Heap before GC invocations=14 (full 2):
 PSYoungGen      total 186880K, used 160768K [0x0000000795580000, 0x00000007a7580000, 0x00000007c0000000)
  eden space 160768K, 100% used [0x0000000795580000,0x000000079f280000,0x000000079f280000)
  from space 26112K, 0% used [0x000000079f280000,0x000000079f280000,0x00000007a0c00000)
  to   space 29696K, 0% used [0x00000007a5880000,0x00000007a5880000,0x00000007a7580000)
 ParOldGen       total 119808K, used 51222K [0x0000000740000000, 0x0000000747500000, 0x0000000795580000)
  object space 119808K, 42% used [0x0000000740000000,0x0000000743205920,0x0000000747500000)
 Metaspace       used 28531K, capacity 29050K, committed 29312K, reserved 1075200K
  class space    used 3408K, capacity 3589K, committed 3712K, reserved 1048576K
Event: 8.700 GC heap after
Heap after GC invocations=14 (full 2):
 PSYoungGen      total 250880K, used 26712K [0x0000000795580000, 0x00000007a7300000, 0x00000007c0000000)
  eden space 223744K, 0% used [0x0000000795580000,0x0000000795580000,0x00000007a3000000)
  from space 27136K, 98% used [0x00000007a5880000,0x00000007a7296198,0x00000007a7300000)
  to   space 33280K, 0% used [0x00000007a3200000,0x00000007a3200000,0x00000007a5280000)
 ParOldGen       total 119808K, used 51222K [0x0000000740000000, 0x0000000747500000, 0x0000000795580000)
  object space 119808K, 42% used [0x0000000740000000,0x0000000743205920,0x0000000747500000)
 Metaspace       used 28531K, capacity 29050K, committed 29312K, reserved 1075200K
  class space    used 3408K, capacity 3589K, committed 3712K, reserved 1048576K
}
Event: 2546.366 GC heap before
{Heap before GC invocations=15 (full 2):
 PSYoungGen      total 250880K, used 250456K [0x0000000795580000, 0x00000007a7300000, 0x00000007c0000000)
  eden space 223744K, 100% used [0x0000000795580000,0x00000007a3000000,0x00000007a3000000)
  from space 27136K, 98% used [0x00000007a5880000,0x00000007a7296198,0x00000007a7300000)
  to   space 33280K, 0% used [0x00000007a3200000,0x00000007a3200000,0x00000007a5280000)
 ParOldGen       total 119808K, used 51222K [0x0000000740000000, 0x0000000747500000, 0x0000000795580000)
  object space 119808K, 42% used [0x0000000740000000,0x0000000743205920,0x0000000747500000)
 Metaspace       used 40990K, capacity 41694K, committed 41984K, reserved 1085440K
  class space    used 4891K, capacity 5113K, committed 5120K, reserved 1048576K
Event: 2546.602 GC heap after
Heap after GC invocations=15 (full 2):
 PSYoungGen      total 259072K, used 24498K [0x0000000795580000, 0x00000007ac100000, 0x00000007c0000000)
  eden space 225792K, 0% used [0x0000000795580000,0x0000000795580000,0x00000007a3200000)
  from space 33280K, 73% used [0x00000007a3200000,0x00000007a49ecbc0,0x00000007a5280000)
  to   space 34816K, 0% used [0x00000007a9f00000,0x00000007a9f00000,0x00000007ac100000)
 ParOldGen       total 119808K, used 54309K [0x0000000740000000, 0x0000000747500000, 0x0000000795580000)
  object space 119808K, 45% used [0x0000000740000000,0x0000000743509718,0x0000000747500000)
 Metaspace       used 40990K, capacity 41694K, committed 41984K, reserved 1085440K
  class space    used 4891K, capacity 5113K, committed 5120K, reserved 1048576K
}

